Построение начато 11/10/2014 5:26:34 AM.
Проект "C:\Users\Administrator\Documents\Visual Studio 2010\Projects\secretdump4cp\UniversalExport4CP\UniversalExport4CP.vcxproj" в узле 2 (целевые объекты build).
InitializeBuildStatus:
  Создание "Debug\secretdump4cp.unsuccessfulbuild", так как было задано "AlwaysCreate".
ClCompile:
  C:\Program Files (x86)\Microsoft Visual Studio 10.0\VC\bin\CL.exe /c /ZI /nologo /W3 /WX- /Od /Oy- /D WIN32 /D _DEBUG /D _CONSOLE /D _UNICODE /D UNICODE /Gm /EHsc /RTC1 /MDd /GS /fp:precise /Zc:wchar_t /Zc:forScope /Fo"Debug\\" /Fd"Debug\vc100.pdb" /Gd /TP /analyze- /errorReport:prompt secretdump4cp.cpp
  secretdump4cp.cpp
c:\users\administrator\documents\visual studio 2010\projects\secretdump4cp\universalexport4cp\secretdump4cp.cpp(69): warning C4309: инициализация: усечение константного значения
c:\users\administrator\documents\visual studio 2010\projects\secretdump4cp\universalexport4cp\secretdump4cp.cpp(69): warning C4309: инициализация: усечение константного значения
c:\users\administrator\documents\visual studio 2010\projects\secretdump4cp\universalexport4cp\secretdump4cp.cpp(69): warning C4309: инициализация: усечение константного значения
c:\users\administrator\documents\visual studio 2010\projects\secretdump4cp\universalexport4cp\secretdump4cp.cpp(69): warning C4309: инициализация: усечение константного значения
c:\users\administrator\documents\visual studio 2010\projects\secretdump4cp\universalexport4cp\secretdump4cp.cpp(69): warning C4309: инициализация: усечение константного значения
c:\users\administrator\documents\visual studio 2010\projects\secretdump4cp\universalexport4cp\secretdump4cp.cpp(69): warning C4309: инициализация: усечение константного значения
c:\users\administrator\documents\visual studio 2010\projects\secretdump4cp\universalexport4cp\secretdump4cp.cpp(69): warning C4309: инициализация: усечение константного значения
c:\users\administrator\documents\visual studio 2010\projects\secretdump4cp\universalexport4cp\secretdump4cp.cpp(69): warning C4309: инициализация: усечение константного значения
c:\users\administrator\documents\visual studio 2010\projects\secretdump4cp\universalexport4cp\secretdump4cp.cpp(69): warning C4309: инициализация: усечение константного значения
c:\users\administrator\documents\visual studio 2010\projects\secretdump4cp\universalexport4cp\secretdump4cp.cpp(69): warning C4309: инициализация: усечение константного значения
c:\users\administrator\documents\visual studio 2010\projects\secretdump4cp\universalexport4cp\secretdump4cp.cpp(69): warning C4309: инициализация: усечение константного значения
c:\users\administrator\documents\visual studio 2010\projects\secretdump4cp\universalexport4cp\secretdump4cp.cpp(69): warning C4309: инициализация: усечение константного значения
c:\users\administrator\documents\visual studio 2010\projects\secretdump4cp\universalexport4cp\secretdump4cp.cpp(118): warning C4018: <: несоответствие типов со знаком и без знака
ManifestResourceCompile:
  C:\Program Files (x86)\Microsoft SDKs\Windows\v7.0A\bin\rc.exe /nologo /fo"Debug\secretdump4cp.exe.embed.manifest.res" Debug\secretdump4cp_manifest.rc 
Link:
  C:\Program Files (x86)\Microsoft Visual Studio 10.0\VC\bin\link.exe /ERRORREPORT:PROMPT /OUT:"C:\Users\Administrator\Documents\Visual Studio 2010\Projects\secretdump4cp\Debug\secretdump4cp.exe" /INCREMENTAL /NOLOGO kernel32.lib user32.lib gdi32.lib winspool.lib comdlg32.lib advapi32.lib shell32.lib ole32.lib oleaut32.lib uuid.lib odbc32.lib odbccp32.lib /MANIFEST /ManifestFile:"Debug\secretdump4cp.exe.intermediate.manifest" /MANIFESTUAC:"level='asInvoker' uiAccess='false'" /DEBUG /PDB:"C:\Users\Administrator\Documents\Visual Studio 2010\Projects\secretdump4cp\Debug\secretdump4cp.pdb" /SUBSYSTEM:CONSOLE /TLBID:1 /DYNAMICBASE /NXCOMPAT /IMPLIB:"C:\Users\Administrator\Documents\Visual Studio 2010\Projects\secretdump4cp\Debug\secretdump4cp.lib" /MACHINE:X86 Debug\secretdump4cp.exe.embed.manifest.res
  Debug\secretdump4cp.obj
Manifest:
  C:\Program Files (x86)\Microsoft SDKs\Windows\v7.0A\bin\mt.exe /nologo /verbose /out:"Debug\secretdump4cp.exe.embed.manifest" /manifest Debug\secretdump4cp.exe.intermediate.manifest
  C:\Program Files (x86)\Microsoft SDKs\Windows\v7.0A\bin\rc.exe /nologo /fo"Debug\secretdump4cp.exe.embed.manifest.res" Debug\secretdump4cp_manifest.rc 
LinkEmbedManifest:
  C:\Program Files (x86)\Microsoft Visual Studio 10.0\VC\bin\link.exe /ERRORREPORT:PROMPT /OUT:"C:\Users\Administrator\Documents\Visual Studio 2010\Projects\secretdump4cp\Debug\secretdump4cp.exe" /INCREMENTAL /NOLOGO kernel32.lib user32.lib gdi32.lib winspool.lib comdlg32.lib advapi32.lib shell32.lib ole32.lib oleaut32.lib uuid.lib odbc32.lib odbccp32.lib /MANIFEST /ManifestFile:"Debug\secretdump4cp.exe.intermediate.manifest" /MANIFESTUAC:"level='asInvoker' uiAccess='false'" /DEBUG /PDB:"C:\Users\Administrator\Documents\Visual Studio 2010\Projects\secretdump4cp\Debug\secretdump4cp.pdb" /SUBSYSTEM:CONSOLE /TLBID:1 /DYNAMICBASE /NXCOMPAT /IMPLIB:"C:\Users\Administrator\Documents\Visual Studio 2010\Projects\secretdump4cp\Debug\secretdump4cp.lib" /MACHINE:X86 Debug\secretdump4cp.exe.embed.manifest.res
  Debug\secretdump4cp.obj
  UniversalExport4CP.vcxproj -> C:\Users\Administrator\Documents\Visual Studio 2010\Projects\secretdump4cp\Debug\secretdump4cp.exe
FinalizeBuildStatus:
  Файл "Debug\secretdump4cp.unsuccessfulbuild" удаляется.
  Обращение к "Debug\secretdump4cp.lastbuildstate".
Построение проекта "C:\Users\Administrator\Documents\Visual Studio 2010\Projects\secretdump4cp\UniversalExport4CP\UniversalExport4CP.vcxproj" завершено (целевые объекты build).

Построение успешно завершено.

Затраченное время: 00:00:03.29
